<?xml version="1.0" encoding="UTF-8"?>
<testng-results ignored="0" total="2" passed="2" failed="0" skipped="0">
  <reporter-output>
  </reporter-output>
  <suite started-at="2023-02-03T23:32:35 SGT" name="Default suite" finished-at="2023-02-03T23:32:38 SGT" duration-ms="3104">
    <groups>
    </groups>
    <test started-at="2023-02-03T23:32:35 SGT" name="Default test" finished-at="2023-02-03T23:32:38 SGT" duration-ms="3104">
      <class name="com.dvops.ecommerse_app.eclipse.NewTest">
        <test-method is-config="true" signature="beforeTest()[pri:0, instance:com.dvops.ecommerse_app.eclipse.NewTest@2177849e]" started-at="2023-02-03T23:32:35 SGT" name="beforeTest" finished-at="2023-02-03T23:32:36 SGT" duration-ms="1436" status="PASS">
          <reporter-output>
          </reporter-output>
        </test-method> <!-- beforeTest -->
        <test-method signature="checkId()[pri:0, instance:com.dvops.ecommerse_app.eclipse.NewTest@2177849e]" started-at="2023-02-03T23:32:36 SGT" name="checkId" finished-at="2023-02-03T23:32:37 SGT" duration-ms="742" status="PASS">
          <reporter-output>
          </reporter-output>
        </test-method> <!-- checkId -->
        <test-method signature="checkTitle()[pri:0, instance:com.dvops.ecommerse_app.eclipse.NewTest@2177849e]" started-at="2023-02-03T23:32:37 SGT" name="checkTitle" finished-at="2023-02-03T23:32:38 SGT" duration-ms="764" status="PASS">
          <reporter-output>
          </reporter-output>
        </test-method> <!-- checkTitle -->
        <test-method is-config="true" signature="afterTest()[pri:0, instance:com.dvops.ecommerse_app.eclipse.NewTest@2177849e]" started-at="2023-02-03T23:32:38 SGT" name="afterTest" finished-at="2023-02-03T23:32:38 SGT" duration-ms="131" status="PASS">
          <reporter-output>
          </reporter-output>
        </test-method> <!-- afterTest -->
      </class> <!-- com.dvops.ecommerse_app.eclipse.NewTest -->
    </test> <!-- Default test -->
  </suite> <!-- Default suite -->
</testng-results>
